[2022-03-13 17:37:43] local.ERROR: Class "PDO" not found {"exception":"[object] (Error(code: 0): Class \"PDO\" not found at /home/re3aytk/public_html/dev/vendor/laravel/framework/src/Illuminate/Database/Connection.php:1325)
[stacktrace]
#0 /home/re3aytk/public_html/dev/vendor/laravel/framework/src/Illuminate/Database/Connectors/ConnectionFactory.php(272): Illuminate\\Database\\Connection::getResolver()
#1 /home/re3aytk/public_html/dev/vendor/laravel/framework/src/Illuminate/Database/Connectors/ConnectionFactory.php(76): Illuminate\\Database\\Connectors\\ConnectionFactory->createConnection()
#2 /home/re3aytk/public_html/dev/vendor/laravel/framework/src/Illuminate/Database/Connectors/ConnectionFactory.php(50): Illuminate\\Database\\Connectors\\ConnectionFactory->createSingleConnection()
#3 /home/re3aytk/public_html/dev/vendor/laravel/framework/src/Illuminate/Database/DatabaseManager.php(131): Illuminate\\Database\\Connectors\\ConnectionFactory->make()
#4 /home/re3aytk/public_html/dev/vendor/laravel/framework/src/Illuminate/Database/DatabaseManager.php(86): Illuminate\\Database\\DatabaseManager->makeConnection()
#5 /home/re3aytk/public_html/dev/vendor/laravel/framework/src/Illuminate/Support/Facades/Schema.php(42): Illuminate\\Database\\DatabaseManager->connection()
#6 /home/re3aytk/public_html/dev/vendor/laravel/framework/src/Illuminate/Support/Facades/Facade.php(166): Illuminate\\Support\\Facades\\Schema::getFacadeAccessor()
#7 /home/re3aytk/public_html/dev/vendor/laravel/framework/src/Illuminate/Support/Facades/Facade.php(255): Illuminate\\Support\\Facades\\Facade::getFacadeRoot()
#8 /home/re3aytk/public_html/dev/app/Providers/AppServiceProvider.php(36): Illuminate\\Support\\Facades\\Facade::__callStatic()
#9 /home/re3aytk/public_html/dev/vendor/laravel/framework/src/Illuminate/Container/BoundMethod.php(36): App\\Providers\\AppServiceProvider->boot()
#10 /home/re3aytk/public_html/dev/vendor/laravel/framework/src/Illuminate/Container/Util.php(40): Illuminate\\Container\\BoundMethod::Illuminate\\Container\\{closure}()
#11 /home/re3aytk/public_html/dev/vendor/laravel/framework/src/Illuminate/Container/BoundMethod.php(93): Illuminate\\Container\\Util::unwrapIfClosure()
#12 /home/re3aytk/public_html/dev/vendor/laravel/framework/src/Illuminate/Container/BoundMethod.php(37): Illuminate\\Container\\BoundMethod::callBoundMethod()
#13 /home/re3aytk/public_html/dev/vendor/laravel/framework/src/Illuminate/Container/Container.php(610): Illuminate\\Container\\BoundMethod::call()
#14 /home/re3aytk/public_html/dev/vendor/laravel/framework/src/Illuminate/Foundation/Application.php(869): Illuminate\\Container\\Container->call()
#15 /home/re3aytk/public_html/dev/vendor/laravel/framework/src/Illuminate/Foundation/Application.php(850): Illuminate\\Foundation\\Application->bootProvider()
#16 [internal function]: Illuminate\\Foundation\\Application->Illuminate\\Foundation\\{closure}()
#17 /home/re3aytk/public_html/dev/vendor/laravel/framework/src/Illuminate/Foundation/Application.php(851): array_walk()
#18 /home/re3aytk/public_html/dev/vendor/laravel/framework/src/Illuminate/Foundation/Bootstrap/BootProviders.php(17): Illuminate\\Foundation\\Application->boot()
#19 /home/re3aytk/public_html/dev/vendor/laravel/framework/src/Illuminate/Foundation/Application.php(230): Illuminate\\Foundation\\Bootstrap\\BootProviders->bootstrap()
#20 /home/re3aytk/public_html/dev/vendor/laravel/framework/src/Illuminate/Foundation/Http/Kernel.php(152): Illuminate\\Foundation\\Application->bootstrapWith()
#21 /home/re3aytk/public_html/dev/vendor/laravel/framework/src/Illuminate/Foundation/Http/Kernel.php(136): Illuminate\\Foundation\\Http\\Kernel->bootstrap()
#22 /home/re3aytk/public_html/dev/vendor/laravel/framework/src/Illuminate/Foundation/Http/Kernel.php(110): Illuminate\\Foundation\\Http\\Kernel->sendRequestThroughRouter()
#23 /home/re3aytk/public_html/dev/public/index.php(55): Illuminate\\Foundation\\Http\\Kernel->handle()
#24 {main}
"} 
[2022-03-13 17:40:27] local.ERROR: Class "PDO" not found {"exception":"[object] (Error(code: 0): Class \"PDO\" not found at /home/re3aytk/public_html/dev/vendor/laravel/framework/src/Illuminate/Database/Connection.php:1325)
[stacktrace]
#0 /home/re3aytk/public_html/dev/vendor/laravel/framework/src/Illuminate/Database/Connectors/ConnectionFactory.php(272): Illuminate\\Database\\Connection::getResolver()
#1 /home/re3aytk/public_html/dev/vendor/laravel/framework/src/Illuminate/Database/Connectors/ConnectionFactory.php(76): Illuminate\\Database\\Connectors\\ConnectionFactory->createConnection()
#2 /home/re3aytk/public_html/dev/vendor/laravel/framework/src/Illuminate/Database/Connectors/ConnectionFactory.php(50): Illuminate\\Database\\Connectors\\ConnectionFactory->createSingleConnection()
#3 /home/re3aytk/public_html/dev/vendor/laravel/framework/src/Illuminate/Database/DatabaseManager.php(131): Illuminate\\Database\\Connectors\\ConnectionFactory->make()
#4 /home/re3aytk/public_html/dev/vendor/laravel/framework/src/Illuminate/Database/DatabaseManager.php(86): Illuminate\\Database\\DatabaseManager->makeConnection()
#5 /home/re3aytk/public_html/dev/vendor/laravel/framework/src/Illuminate/Support/Facades/Schema.php(42): Illuminate\\Database\\DatabaseManager->connection()
#6 /home/re3aytk/public_html/dev/vendor/laravel/framework/src/Illuminate/Support/Facades/Facade.php(166): Illuminate\\Support\\Facades\\Schema::getFacadeAccessor()
#7 /home/re3aytk/public_html/dev/vendor/laravel/framework/src/Illuminate/Support/Facades/Facade.php(255): Illuminate\\Support\\Facades\\Facade::getFacadeRoot()
#8 /home/re3aytk/public_html/dev/app/Providers/AppServiceProvider.php(36): Illuminate\\Support\\Facades\\Facade::__callStatic()
#9 /home/re3aytk/public_html/dev/vendor/laravel/framework/src/Illuminate/Container/BoundMethod.php(36): App\\Providers\\AppServiceProvider->boot()
#10 /home/re3aytk/public_html/dev/vendor/laravel/framework/src/Illuminate/Container/Util.php(40): Illuminate\\Container\\BoundMethod::Illuminate\\Container\\{closure}()
#11 /home/re3aytk/public_html/dev/vendor/laravel/framework/src/Illuminate/Container/BoundMethod.php(93): Illuminate\\Container\\Util::unwrapIfClosure()
#12 /home/re3aytk/public_html/dev/vendor/laravel/framework/src/Illuminate/Container/BoundMethod.php(37): Illuminate\\Container\\BoundMethod::callBoundMethod()
#13 /home/re3aytk/public_html/dev/vendor/laravel/framework/src/Illuminate/Container/Container.php(610): Illuminate\\Container\\BoundMethod::call()
#14 /home/re3aytk/public_html/dev/vendor/laravel/framework/src/Illuminate/Foundation/Application.php(869): Illuminate\\Container\\Container->call()
#15 /home/re3aytk/public_html/dev/vendor/laravel/framework/src/Illuminate/Foundation/Application.php(850): Illuminate\\Foundation\\Application->bootProvider()
#16 [internal function]: Illuminate\\Foundation\\Application->Illuminate\\Foundation\\{closure}()
#17 /home/re3aytk/public_html/dev/vendor/laravel/framework/src/Illuminate/Foundation/Application.php(851): array_walk()
#18 /home/re3aytk/public_html/dev/vendor/laravel/framework/src/Illuminate/Foundation/Bootstrap/BootProviders.php(17): Illuminate\\Foundation\\Application->boot()
#19 /home/re3aytk/public_html/dev/vendor/laravel/framework/src/Illuminate/Foundation/Application.php(230): Illuminate\\Foundation\\Bootstrap\\BootProviders->bootstrap()
#20 /home/re3aytk/public_html/dev/vendor/laravel/framework/src/Illuminate/Foundation/Http/Kernel.php(152): Illuminate\\Foundation\\Application->bootstrapWith()
#21 /home/re3aytk/public_html/dev/vendor/laravel/framework/src/Illuminate/Foundation/Http/Kernel.php(136): Illuminate\\Foundation\\Http\\Kernel->bootstrap()
#22 /home/re3aytk/public_html/dev/vendor/laravel/framework/src/Illuminate/Foundation/Http/Kernel.php(110): Illuminate\\Foundation\\Http\\Kernel->sendRequestThroughRouter()
#23 /home/re3aytk/public_html/dev/public/index.php(55): Illuminate\\Foundation\\Http\\Kernel->handle()
#24 {main}
"} 
[2022-03-13 19:09:48] development.ERROR: SQLSTATE[HY000] [3118] Access denied for user 're3aytk_kvit'@'localhost'. Account is locked. (SQL: select * from information_schema.tables where table_schema = re3aytk_dev and table_name = settings and table_type = 'BASE TABLE') {"exception":"[object] (Illuminate\\Database\\QueryException(code: 3118): SQLSTATE[HY000] [3118] Access denied for user 're3aytk_kvit'@'localhost'. Account is locked. (SQL: select * from information_schema.tables where table_schema = re3aytk_dev and table_name = settings and table_type = 'BASE TABLE') at /home/re3aytk/public_html/dev/vendor/laravel/framework/src/Illuminate/Database/Connection.php:678)
[stacktrace]
#0 /home/re3aytk/public_html/dev/vendor/laravel/framework/src/Illuminate/Database/Connection.php(638): Illuminate\\Database\\Connection->runQueryCallback('select * from i...', Array, Object(Closure))
#1 /home/re3aytk/public_html/dev/vendor/laravel/framework/src/Illuminate/Database/Connection.php(346): Illuminate\\Database\\Connection->run('select * from i...', Array, Object(Closure))
#2 /home/re3aytk/public_html/dev/vendor/laravel/framework/src/Illuminate/Database/Schema/MySqlBuilder.php(18): Illuminate\\Database\\Connection->select('select * from i...', Array)
#3 /home/re3aytk/public_html/dev/vendor/laravel/framework/src/Illuminate/Support/Facades/Facade.php(261): Illuminate\\Database\\Schema\\MySqlBuilder->hasTable('settings')
#4 /home/re3aytk/public_html/dev/app/Providers/AppServiceProvider.php(42): Illuminate\\Support\\Facades\\Facade::__callStatic('hasTable', Array)
#5 /home/re3aytk/public_html/dev/vendor/laravel/framework/src/Illuminate/Container/BoundMethod.php(36): App\\Providers\\AppServiceProvider->boot()
#6 /home/re3aytk/public_html/dev/vendor/laravel/framework/src/Illuminate/Container/Util.php(40): Illuminate\\Container\\BoundMethod::Illuminate\\Container\\{closure}()
#7 /home/re3aytk/public_html/dev/vendor/laravel/framework/src/Illuminate/Container/BoundMethod.php(93): Illuminate\\Container\\Util::unwrapIfClosure(Object(Closure))
#8 /home/re3aytk/public_html/dev/vendor/laravel/framework/src/Illuminate/Container/BoundMethod.php(37): Illuminate\\Container\\BoundMethod::callBoundMethod(Object(Illuminate\\Foundation\\Application), Array, Object(Closure))
#9 /home/re3aytk/public_html/dev/vendor/laravel/framework/src/Illuminate/Container/Container.php(610): Illuminate\\Container\\BoundMethod::call(Object(Illuminate\\Foundation\\Application), Array, Array, NULL)
#10 /home/re3aytk/public_html/dev/vendor/laravel/framework/src/Illuminate/Foundation/Application.php(869): Illuminate\\Container\\Container->call(Array)
#11 /home/re3aytk/public_html/dev/vendor/laravel/framework/src/Illuminate/Foundation/Application.php(850): Illuminate\\Foundation\\Application->bootProvider(Object(App\\Providers\\AppServiceProvider))
#12 [internal function]: Illuminate\\Foundation\\Application->Illuminate\\Foundation\\{closure}(Object(App\\Providers\\AppServiceProvider), 25)
#13 /home/re3aytk/public_html/dev/vendor/laravel/framework/src/Illuminate/Foundation/Application.php(851): array_walk(Array, Object(Closure))
#14 /home/re3aytk/public_html/dev/vendor/laravel/framework/src/Illuminate/Foundation/Bootstrap/BootProviders.php(17): Illuminate\\Foundation\\Application->boot()
#15 /home/re3aytk/public_html/dev/vendor/laravel/framework/src/Illuminate/Foundation/Application.php(230): Illuminate\\Foundation\\Bootstrap\\BootProviders->bootstrap(Object(Illuminate\\Foundation\\Application))
#16 /home/re3aytk/public_html/dev/vendor/laravel/framework/src/Illuminate/Foundation/Http/Kernel.php(152): Illuminate\\Foundation\\Application->bootstrapWith(Array)
#17 /home/re3aytk/public_html/dev/vendor/laravel/framework/src/Illuminate/Foundation/Http/Kernel.php(136): Illuminate\\Foundation\\Http\\Kernel->bootstrap()
#18 /home/re3aytk/public_html/dev/vendor/laravel/framework/src/Illuminate/Foundation/Http/Kernel.php(110): Illuminate\\Foundation\\Http\\Kernel->sendRequestThroughRouter(Object(Illuminate\\Http\\Request))
#19 /home/re3aytk/public_html/dev/public/index.php(55): Illuminate\\Foundation\\Http\\Kernel->handle(Object(Illuminate\\Http\\Request))
#20 {main}

[previous exception] [object] (Doctrine\\DBAL\\Driver\\PDO\\Exception(code: 3118): SQLSTATE[HY000] [3118] Access denied for user 're3aytk_kvit'@'localhost'. Account is locked. at /home/re3aytk/public_html/dev/vendor/doctrine/dbal/lib/Doctrine/DBAL/Driver/PDO/Exception.php:18)
[stacktrace]
#0 /home/re3aytk/public_html/dev/vendor/doctrine/dbal/lib/Doctrine/DBAL/Driver/PDOConnection.php(42): Doctrine\\DBAL\\Driver\\PDO\\Exception::new(Object(PDOException))
#1 /home/re3aytk/public_html/dev/vendor/laravel/framework/src/Illuminate/Database/Connectors/Connector.php(67): Doctrine\\DBAL\\Driver\\PDOConnection->__construct('mysql:host=127....', 're3aytk_kvit', 'kvit_1332022', Array)
#2 /home/re3aytk/public_html/dev/vendor/laravel/framework/src/Illuminate/Database/Connectors/Connector.php(46): Illuminate\\Database\\Connectors\\Connector->createPdoConnection('mysql:host=127....', 're3aytk_kvit', 'kvit_1332022', Array)
#3 /home/re3aytk/public_html/dev/vendor/laravel/framework/src/Illuminate/Database/Connectors/MySqlConnector.php(24): Illuminate\\Database\\Connectors\\Connector->createConnection('mysql:host=127....', Array, Array)
#4 /home/re3aytk/public_html/dev/vendor/laravel/framework/src/Illuminate/Database/Connectors/ConnectionFactory.php(184): Illuminate\\Database\\Connectors\\MySqlConnector->connect(Array)
#5 [internal function]: Illuminate\\Database\\Connectors\\ConnectionFactory->Illuminate\\Database\\Connectors\\{closure}()
#6 /home/re3aytk/public_html/dev/vendor/laravel/framework/src/Illuminate/Database/Connection.php(939): call_user_func(Object(Closure))
#7 /home/re3aytk/public_html/dev/vendor/laravel/framework/src/Illuminate/Database/Connection.php(974): Illuminate\\Database\\Connection->getPdo()
#8 /home/re3aytk/public_html/dev/vendor/laravel/framework/src/Illuminate/Database/Connection.php(412): Illuminate\\Database\\Connection->getReadPdo()
#9 /home/re3aytk/public_html/dev/vendor/laravel/framework/src/Illuminate/Database/Connection.php(338): Illuminate\\Database\\Connection->getPdoForSelect(true)
#10 /home/re3aytk/public_html/dev/vendor/laravel/framework/src/Illuminate/Database/Connection.php(671): Illuminate\\Database\\Connection->Illuminate\\Database\\{closure}('select * from i...', Array)
#11 /home/re3aytk/public_html/dev/vendor/laravel/framework/src/Illuminate/Database/Connection.php(638): Illuminate\\Database\\Connection->runQueryCallback('select * from i...', Array, Object(Closure))
#12 /home/re3aytk/public_html/dev/vendor/laravel/framework/src/Illuminate/Database/Connection.php(346): Illuminate\\Database\\Connection->run('select * from i...', Array, Object(Closure))
#13 /home/re3aytk/public_html/dev/vendor/laravel/framework/src/Illuminate/Database/Schema/MySqlBuilder.php(18): Illuminate\\Database\\Connection->select('select * from i...', Array)
#14 /home/re3aytk/public_html/dev/vendor/laravel/framework/src/Illuminate/Support/Facades/Facade.php(261): Illuminate\\Database\\Schema\\MySqlBuilder->hasTable('settings')
#15 /home/re3aytk/public_html/dev/app/Providers/AppServiceProvider.php(42): Illuminate\\Support\\Facades\\Facade::__callStatic('hasTable', Array)
#16 /home/re3aytk/public_html/dev/vendor/laravel/framework/src/Illuminate/Container/BoundMethod.php(36): App\\Providers\\AppServiceProvider->boot()
#17 /home/re3aytk/public_html/dev/vendor/laravel/framework/src/Illuminate/Container/Util.php(40): Illuminate\\Container\\BoundMethod::Illuminate\\Container\\{closure}()
#18 /home/re3aytk/public_html/dev/vendor/laravel/framework/src/Illuminate/Container/BoundMethod.php(93): Illuminate\\Container\\Util::unwrapIfClosure(Object(Closure))
#19 /home/re3aytk/public_html/dev/vendor/laravel/framework/src/Illuminate/Container/BoundMethod.php(37): Illuminate\\Container\\BoundMethod::callBoundMethod(Object(Illuminate\\Foundation\\Application), Array, Object(Closure))
#20 /home/re3aytk/public_html/dev/vendor/laravel/framework/src/Illuminate/Container/Container.php(610): Illuminate\\Container\\BoundMethod::call(Object(Illuminate\\Foundation\\Application), Array, Array, NULL)
#21 /home/re3aytk/public_html/dev/vendor/laravel/framework/src/Illuminate/Foundation/Application.php(869): Illuminate\\Container\\Container->call(Array)
#22 /home/re3aytk/public_html/dev/vendor/laravel/framework/src/Illuminate/Foundation/Application.php(850): Illuminate\\Foundation\\Application->bootProvider(Object(App\\Providers\\AppServiceProvider))
#23 [internal function]: Illuminate\\Foundation\\Application->Illuminate\\Foundation\\{closure}(Object(App\\Providers\\AppServiceProvider), 25)
#24 /home/re3aytk/public_html/dev/vendor/laravel/framework/src/Illuminate/Foundation/Application.php(851): array_walk(Array, Object(Closure))
#25 /home/re3aytk/public_html/dev/vendor/laravel/framework/src/Illuminate/Foundation/Bootstrap/BootProviders.php(17): Illuminate\\Foundation\\Application->boot()
#26 /home/re3aytk/public_html/dev/vendor/laravel/framework/src/Illuminate/Foundation/Application.php(230): Illuminate\\Foundation\\Bootstrap\\BootProviders->bootstrap(Object(Illuminate\\Foundation\\Application))
#27 /home/re3aytk/public_html/dev/vendor/laravel/framework/src/Illuminate/Foundation/Http/Kernel.php(152): Illuminate\\Foundation\\Application->bootstrapWith(Array)
#28 /home/re3aytk/public_html/dev/vendor/laravel/framework/src/Illuminate/Foundation/Http/Kernel.php(136): Illuminate\\Foundation\\Http\\Kernel->bootstrap()
#29 /home/re3aytk/public_html/dev/vendor/laravel/framework/src/Illuminate/Foundation/Http/Kernel.php(110): Illuminate\\Foundation\\Http\\Kernel->sendRequestThroughRouter(Object(Illuminate\\Http\\Request))
#30 /home/re3aytk/public_html/dev/public/index.php(55): Illuminate\\Foundation\\Http\\Kernel->handle(Object(Illuminate\\Http\\Request))
#31 {main}

[previous exception] [object] (PDOException(code: 3118): SQLSTATE[HY000] [3118] Access denied for user 're3aytk_kvit'@'localhost'. Account is locked. at /home/re3aytk/public_html/dev/vendor/doctrine/dbal/lib/Doctrine/DBAL/Driver/PDOConnection.php:38)
[stacktrace]
#0 /home/re3aytk/public_html/dev/vendor/doctrine/dbal/lib/Doctrine/DBAL/Driver/PDOConnection.php(38): PDO->__construct('mysql:host=127....', 're3aytk_kvit', 'kvit_1332022', Array)
#1 /home/re3aytk/public_html/dev/vendor/laravel/framework/src/Illuminate/Database/Connectors/Connector.php(67): Doctrine\\DBAL\\Driver\\PDOConnection->__construct('mysql:host=127....', 're3aytk_kvit', 'kvit_1332022', Array)
#2 /home/re3aytk/public_html/dev/vendor/laravel/framework/src/Illuminate/Database/Connectors/Connector.php(46): Illuminate\\Database\\Connectors\\Connector->createPdoConnection('mysql:host=127....', 're3aytk_kvit', 'kvit_1332022', Array)
#3 /home/re3aytk/public_html/dev/vendor/laravel/framework/src/Illuminate/Database/Connectors/MySqlConnector.php(24): Illuminate\\Database\\Connectors\\Connector->createConnection('mysql:host=127....', Array, Array)
#4 /home/re3aytk/public_html/dev/vendor/laravel/framework/src/Illuminate/Database/Connectors/ConnectionFactory.php(184): Illuminate\\Database\\Connectors\\MySqlConnector->connect(Array)
#5 [internal function]: Illuminate\\Database\\Connectors\\ConnectionFactory->Illuminate\\Database\\Connectors\\{closure}()
#6 /home/re3aytk/public_html/dev/vendor/laravel/framework/src/Illuminate/Database/Connection.php(939): call_user_func(Object(Closure))
#7 /home/re3aytk/public_html/dev/vendor/laravel/framework/src/Illuminate/Database/Connection.php(974): Illuminate\\Database\\Connection->getPdo()
#8 /home/re3aytk/public_html/dev/vendor/laravel/framework/src/Illuminate/Database/Connection.php(412): Illuminate\\Database\\Connection->getReadPdo()
#9 /home/re3aytk/public_html/dev/vendor/laravel/framework/src/Illuminate/Database/Connection.php(338): Illuminate\\Database\\Connection->getPdoForSelect(true)
#10 /home/re3aytk/public_html/dev/vendor/laravel/framework/src/Illuminate/Database/Connection.php(671): Illuminate\\Database\\Connection->Illuminate\\Database\\{closure}('select * from i...', Array)
#11 /home/re3aytk/public_html/dev/vendor/laravel/framework/src/Illuminate/Database/Connection.php(638): Illuminate\\Database\\Connection->runQueryCallback('select * from i...', Array, Object(Closure))
#12 /home/re3aytk/public_html/dev/vendor/laravel/framework/src/Illuminate/Database/Connection.php(346): Illuminate\\Database\\Connection->run('select * from i...', Array, Object(Closure))
#13 /home/re3aytk/public_html/dev/vendor/laravel/framework/src/Illuminate/Database/Schema/MySqlBuilder.php(18): Illuminate\\Database\\Connection->select('select * from i...', Array)
#14 /home/re3aytk/public_html/dev/vendor/laravel/framework/src/Illuminate/Support/Facades/Facade.php(261): Illuminate\\Database\\Schema\\MySqlBuilder->hasTable('settings')
#15 /home/re3aytk/public_html/dev/app/Providers/AppServiceProvider.php(42): Illuminate\\Support\\Facades\\Facade::__callStatic('hasTable', Array)
#16 /home/re3aytk/public_html/dev/vendor/laravel/framework/src/Illuminate/Container/BoundMethod.php(36): App\\Providers\\AppServiceProvider->boot()
#17 /home/re3aytk/public_html/dev/vendor/laravel/framework/src/Illuminate/Container/Util.php(40): Illuminate\\Container\\BoundMethod::Illuminate\\Container\\{closure}()
#18 /home/re3aytk/public_html/dev/vendor/laravel/framework/src/Illuminate/Container/BoundMethod.php(93): Illuminate\\Container\\Util::unwrapIfClosure(Object(Closure))
#19 /home/re3aytk/public_html/dev/vendor/laravel/framework/src/Illuminate/Container/BoundMethod.php(37): Illuminate\\Container\\BoundMethod::callBoundMethod(Object(Illuminate\\Foundation\\Application), Array, Object(Closure))
#20 /home/re3aytk/public_html/dev/vendor/laravel/framework/src/Illuminate/Container/Container.php(610): Illuminate\\Container\\BoundMethod::call(Object(Illuminate\\Foundation\\Application), Array, Array, NULL)
#21 /home/re3aytk/public_html/dev/vendor/laravel/framework/src/Illuminate/Foundation/Application.php(869): Illuminate\\Container\\Container->call(Array)
#22 /home/re3aytk/public_html/dev/vendor/laravel/framework/src/Illuminate/Foundation/Application.php(850): Illuminate\\Foundation\\Application->bootProvider(Object(App\\Providers\\AppServiceProvider))
#23 [internal function]: Illuminate\\Foundation\\Application->Illuminate\\Foundation\\{closure}(Object(App\\Providers\\AppServiceProvider), 25)
#24 /home/re3aytk/public_html/dev/vendor/laravel/framework/src/Illuminate/Foundation/Application.php(851): array_walk(Array, Object(Closure))
#25 /home/re3aytk/public_html/dev/vendor/laravel/framework/src/Illuminate/Foundation/Bootstrap/BootProviders.php(17): Illuminate\\Foundation\\Application->boot()
#26 /home/re3aytk/public_html/dev/vendor/laravel/framework/src/Illuminate/Foundation/Application.php(230): Illuminate\\Foundation\\Bootstrap\\BootProviders->bootstrap(Object(Illuminate\\Foundation\\Application))
#27 /home/re3aytk/public_html/dev/vendor/laravel/framework/src/Illuminate/Foundation/Http/Kernel.php(152): Illuminate\\Foundation\\Application->bootstrapWith(Array)
#28 /home/re3aytk/public_html/dev/vendor/laravel/framework/src/Illuminate/Foundation/Http/Kernel.php(136): Illuminate\\Foundation\\Http\\Kernel->bootstrap()
#29 /home/re3aytk/public_html/dev/vendor/laravel/framework/src/Illuminate/Foundation/Http/Kernel.php(110): Illuminate\\Foundation\\Http\\Kernel->sendRequestThroughRouter(Object(Illuminate\\Http\\Request))
#30 /home/re3aytk/public_html/dev/public/index.php(55): Illuminate\\Foundation\\Http\\Kernel->handle(Object(Illuminate\\Http\\Request))
#31 {main}
"} 
